<?xml version="1.0" encoding="UTF-8"?>
<testng-results ignored="0" total="1" passed="1" failed="0" skipped="0">
  <reporter-output>
  </reporter-output>
  <suite started-at="2022-12-04T12:20:37 IST" name="Default suite" finished-at="2022-12-04T12:21:00 IST" duration-ms="23083">
    <groups>
    </groups>
    <test started-at="2022-12-04T12:20:37 IST" name="Default test" finished-at="2022-12-04T12:21:00 IST" duration-ms="23083">
      <class name="testPkg.TestCls">
        <test-method is-config="true" signature="urlLoad()[pri:0, instance:testPkg.TestCls@2794eab6]" started-at="2022-12-04T12:20:37 IST" name="urlLoad" finished-at="2022-12-04T12:20:52 IST" duration-ms="15141" status="PASS">
          <reporter-output>
          </reporter-output>
        </test-method> <!-- urlLoad -->
        <test-method signature="test()[pri:0, instance:testPkg.TestCls@2794eab6]" started-at="2022-12-04T12:20:52 IST" name="test" finished-at="2022-12-04T12:21:00 IST" duration-ms="7871" status="PASS">
          <reporter-output>
          </reporter-output>
        </test-method> <!-- test -->
      </class> <!-- testPkg.TestCls -->
    </test> <!-- Default test -->
  </suite> <!-- Default suite -->
</testng-results>
